<?xml version="1.0" encoding="UTF-8" ?>
<testsuite tests="1" failures="0" name="TotalTest" time="0.128" errors="1" skipped="0">
  <properties>
[...]
</properties>
  <testcase classname="TotalTest" name="TotalTest" time="0.128">
    <error type="java.lang.NullPointerException">java.lang.NullPointerException
	at signal.SignalManager.init(SignalManager.java:103)
	at signal.SignalManager.&lt;init&gt;(SignalManager.java:98)
	at signal.SignalManager.getInstance(SignalManager.java:162)
	at service.ServiceManager.&lt;init&gt;(ServiceManager.java:37)
	at service.ServiceManager.getInstance(ServiceManager.java:45)
	at config.ConfigManager.getIniValue(ConfigManager.java:213)
	at config.ConfigManager.loadCommonConfig(ConfigManager.java:126)
	at config.ConfigManager.&lt;init&gt;(ConfigManager.java:98)
	at TestAppInstance.&lt;init&gt;(TestAppInstance.java:21)
	at TotalTest.setUp(TotalTest.java:13)
	at sun.reflect.NativeMethodAccessorImpl.invoke0(Native Method)
	at sun.reflect.NativeMethodAccessorImpl.invoke(NativeMethodAccessorImpl.java:62)
	at sun.reflect.DelegatingMethodAccessorImpl.invoke(DelegatingMethodAccessorImpl.java:43)
	at java.lang.reflect.Method.invoke(Method.java:498)
	at org.junit.runners.model.FrameworkMethod$1.runReflectiveCall(FrameworkMethod.java:50)
	at org.junit.internal.runners.model.ReflectiveCallable.run(ReflectiveCallable.java:12)
	at org.junit.runners.model.FrameworkMethod.invokeExplosively(FrameworkMethod.java:47)
	at org.junit.internal.runners.statements.RunBefores.evaluate(RunBefores.java:24)
	at org.junit.runners.ParentRunner.run(ParentRunner.java:363)
	at org.apache.maven.surefire.junit4.JUnit4Provider.execute(JUnit4Provider.java:252)
	at org.apache.maven.surefire.junit4.JUnit4Provider.executeTestSet(JUnit4Provider.java:141)
	at org.apache.maven.surefire.junit4.JUnit4Provider.invoke(JUnit4Provider.java:112)
	at sun.reflect.NativeMethodAccessorImpl.invoke0(Native Method)
	at sun.reflect.NativeMethodAccessorImpl.invoke(NativeMethodAccessorImpl.java:62)
	at sun.reflect.DelegatingMethodAccessorImpl.invoke(DelegatingMethodAccessorImpl.java:43)
	at java.lang.reflect.Method.invoke(Method.java:498)
	at org.apache.maven.surefire.util.ReflectionUtils.invokeMethodWithArray(ReflectionUtils.java:189)
	at org.apache.maven.surefire.booter.ProviderFactory$ProviderProxy.invoke(ProviderFactory.java:165)
	at org.apache.maven.surefire.booter.ProviderFactory.invokeProvider(ProviderFactory.java:85)
	at org.apache.maven.surefire.booter.ForkedBooter.runSuitesInProcess(ForkedBooter.java:115)
	at org.apache.maven.surefire.booter.ForkedBooter.main(ForkedBooter.java:75)
</error>
    <system-out>17:04:31.009 [main] INFO TestAppInstance - | class root: /Users/jamesj/VOIP_Phone/target/test-classes/
17:04:31.025 [main] DEBUG config.ConfigManager - 	Get Config [COMMON] &gt; [UDP_RCV_BUFFER_SIZE] : [33554432]
17:04:31.025 [main] DEBUG config.ConfigManager - 	Get Config [COMMON] &gt; [UDP_SND_BUFFER_SIZE] : [16777216]
17:04:31.025 [main] DEBUG config.ConfigManager - 	Get Config [COMMON] &gt; [LONG_CALL_TIME] : [360000]
17:04:31.025 [main] DEBUG config.ConfigManager - 	Get Config [COMMON] &gt; [USE_CLIENT] : [true]
17:04:31.025 [main] WARN config.ConfigManager - [ COMMON ] &quot; CALL_AUTO_ACCEPT &quot; is null.
17:04:31.027 [main] DEBUG service.ServiceManager - | ShutDownHookHandler is initiated. (target=main)
</system-out>
  </testcase>
</testsuite>